** Daemonized, any open files are closed.  Look at /Users/wilwalke/rubyOnRails/HelloWorld/log/locomotive.pid and log/mongrel.log for info.
** Starting Mongrel listening at 0.0.0.0:3000
** Starting Rails with development environment...
** Rails loaded.
** Loading any Rails specific GemPlugins
** Signals ready.  TERM => stop.  USR2 => restart.  INT => stop (no restart).
** Rails signals registered.  HUP => reload (without restart).  It might not work well.
** Mongrel available at 0.0.0.0:3000
** Writing PID file to /Users/wilwalke/rubyOnRails/HelloWorld/log/locomotive.pid
Hello World
** TERM signal received.
** Daemonized, any open files are closed.  Look at /Users/wilwalke/rubyOnRails/HelloWorld/log/locomotive.pid and log/mongrel.log for info.
** Starting Mongrel listening at 0.0.0.0:3000
** Starting Rails with development environment...
** Rails loaded.
** Loading any Rails specific GemPlugins
** Signals ready.  TERM => stop.  USR2 => restart.  INT => stop (no restart).
** Rails signals registered.  HUP => reload (without restart).  It might not work well.
** Mongrel available at 0.0.0.0:3000
** Writing PID file to /Users/wilwalke/rubyOnRails/HelloWorld/log/locomotive.pid
** TERM signal received.
** Daemonized, any open files are closed.  Look at /Users/wilwalke/rubyOnRails/HelloWorld/log/locomotive.pid and log/mongrel.log for info.
** Starting Mongrel listening at 0.0.0.0:3000
** Starting Rails with development environment...
** Rails loaded.
** Loading any Rails specific GemPlugins
** Signals ready.  TERM => stop.  USR2 => restart.  INT => stop (no restart).
** Rails signals registered.  HUP => reload (without restart).  It might not work well.
** Mongrel available at 0.0.0.0:3000
** Writing PID file to /Users/wilwalke/rubyOnRails/HelloWorld/log/locomotive.pid
** TERM signal received.
** Daemonized, any open files are closed.  Look at /Users/wilwalke/rubyOnRails/HelloWorld/log/locomotive.pid and log/mongrel.log for info.
** Starting Mongrel listening at 0.0.0.0:3000
** Starting Rails with development environment...
** Rails loaded.
** Loading any Rails specific GemPlugins
** Signals ready.  TERM => stop.  USR2 => restart.  INT => stop (no restart).
** Rails signals registered.  HUP => reload (without restart).  It might not work well.
** Mongrel available at 0.0.0.0:3000
** Writing PID file to /Users/wilwalke/rubyOnRails/HelloWorld/log/locomotive.pid
** TERM signal received.
** Daemonized, any open files are closed.  Look at /Users/wilwalke/rubyOnRails/HelloWorld/log/locomotive.pid and log/mongrel.log for info.
** Starting Mongrel listening at 0.0.0.0:3000
** Starting Rails with development environment...
** Rails loaded.
** Loading any Rails specific GemPlugins
** Signals ready.  TERM => stop.  USR2 => restart.  INT => stop (no restart).
** Rails signals registered.  HUP => reload (without restart).  It might not work well.
** Mongrel available at 0.0.0.0:3000
** Writing PID file to /Users/wilwalke/rubyOnRails/HelloWorld/log/locomotive.pid
** TERM signal received.
** Daemonized, any open files are closed.  Look at /Users/wilwalke/rubyOnRails/HelloWorld/log/locomotive.pid and log/mongrel.log for info.
** Starting Mongrel listening at 0.0.0.0:3000
** Starting Rails with development environment...
** Rails loaded.
** Loading any Rails specific GemPlugins
** Signals ready.  TERM => stop.  USR2 => restart.  INT => stop (no restart).
** Rails signals registered.  HUP => reload (without restart).  It might not work well.
** Mongrel available at 0.0.0.0:3000
** Writing PID file to /Users/wilwalke/rubyOnRails/HelloWorld/log/locomotive.pid
** TERM signal received.
** Daemonized, any open files are closed.  Look at /Users/wilwalke/rubyOnRails/HelloWorld/log/locomotive.pid and log/mongrel.log for info.
** Starting Mongrel listening at 0.0.0.0:3000
** Starting Rails with development environment...
** Rails loaded.
** Loading any Rails specific GemPlugins
** Signals ready.  TERM => stop.  USR2 => restart.  INT => stop (no restart).
** Rails signals registered.  HUP => reload (without restart).  It might not work well.
** Mongrel available at 0.0.0.0:3000
** Writing PID file to /Users/wilwalke/rubyOnRails/HelloWorld/log/locomotive.pid
/Users/wilwalke/rubyOnRails/HelloWorld/config/../app/views/sighting/list.rhtml:7: warning: parenthesize argument(s) for future version
/Users/wilwalke/rubyOnRails/HelloWorld/config/../app/views/sighting/list.rhtml:7: warning: parenthesize argument(s) for future version
/Users/wilwalke/rubyOnRails/HelloWorld/config/../app/views/sighting/list.rhtml:7: warning: parenthesize argument(s) for future version
/Users/wilwalke/rubyOnRails/HelloWorld/config/../app/views/sighting/list.rhtml:7: warning: parenthesize argument(s) for future version
/Users/wilwalke/rubyOnRails/HelloWorld/config/../app/views/sighting/list.rhtml:7: warning: parenthesize argument(s) for future version
/Users/wilwalke/rubyOnRails/HelloWorld/config/../app/views/sighting/list.rhtml:7: warning: parenthesize argument(s) for future version
/Users/wilwalke/rubyOnRails/HelloWorld/config/../app/views/sighting/list.rhtml:7: warning: parenthesize argument(s) for future version
/Users/wilwalke/rubyOnRails/HelloWorld/config/../app/views/sighting/list.rhtml:7: warning: parenthesize argument(s) for future version
/Users/wilwalke/rubyOnRails/HelloWorld/config/../app/views/sighting/list.rhtml:7: warning: parenthesize argument(s) for future version
/Users/wilwalke/rubyOnRails/HelloWorld/config/../app/views/sighting/list.rhtml:7: warning: parenthesize argument(s) for future version
/Users/wilwalke/rubyOnRails/HelloWorld/config/../app/views/sighting/list.rhtml:7: warning: parenthesize argument(s) for future version
** TERM signal received.
** Daemonized, any open files are closed.  Look at /Users/wilwalke/rubyOnRails/HelloWorld/log/locomotive.pid and log/mongrel.log for info.
** Starting Mongrel listening at 0.0.0.0:3000
** Starting Rails with development environment...
** Rails loaded.
** Loading any Rails specific GemPlugins
** Signals ready.  TERM => stop.  USR2 => restart.  INT => stop (no restart).
** Rails signals registered.  HUP => reload (without restart).  It might not work well.
** Mongrel available at 0.0.0.0:3000
** Writing PID file to /Users/wilwalke/rubyOnRails/HelloWorld/log/locomotive.pid
** TERM signal received.
** Daemonized, any open files are closed.  Look at /Users/wilwalke/rubyOnRails/HelloWorld/log/locomotive.pid and log/mongrel.log for info.
** Starting Mongrel listening at 0.0.0.0:3000
** Starting Rails with development environment...
** Rails loaded.
** Loading any Rails specific GemPlugins
** Signals ready.  TERM => stop.  USR2 => restart.  INT => stop (no restart).
** Rails signals registered.  HUP => reload (without restart).  It might not work well.
** Mongrel available at 0.0.0.0:3000
** Writing PID file to /Users/wilwalke/rubyOnRails/HelloWorld/log/locomotive.pid
** TERM signal received.
** Daemonized, any open files are closed.  Look at /Users/wilwalke/rubyOnRails/HelloWorld/log/locomotive.pid and log/mongrel.log for info.
** Starting Mongrel listening at 0.0.0.0:3000
** Starting Rails with development environment...
** Rails loaded.
** Loading any Rails specific GemPlugins
** Signals ready.  TERM => stop.  USR2 => restart.  INT => stop (no restart).
** Rails signals registered.  HUP => reload (without restart).  It might not work well.
** Mongrel available at 0.0.0.0:3000
** Writing PID file to /Users/wilwalke/rubyOnRails/HelloWorld/log/locomotive.pid
** TERM signal received.
** Daemonized, any open files are closed.  Look at /Users/wilwalke/rubyOnRails/HelloWorld/log/locomotive.pid and log/mongrel.log for info.
** Starting Mongrel listening at 0.0.0.0:3000
** Starting Rails with development environment...
** Daemonized, any open files are closed.  Look at /Users/wilwalke/rubyOnRails/HelloWorld/log/locomotive.pid and log/mongrel.log for info.
** Starting Mongrel listening at 0.0.0.0:3000
/Applications/Locomotive2/Bundles/standardRailsMar2007.locobundle/i386/lib/ruby/gems/1.8/gems/mongrel-1.0.1/lib/mongrel/tcphack.rb:12:in `initialize_without_backlog': Address already in use - bind(2) (Errno::EADDRINUSE)
	from /Applications/Locomotive2/Bundles/standardRailsMar2007.locobundle/i386/lib/ruby/gems/1.8/gems/mongrel-1.0.1/lib/mongrel/tcphack.rb:12:in `initialize'
	from /Applications/Locomotive2/Bundles/standardRailsMar2007.locobundle/i386/lib/ruby/gems/1.8/gems/mongrel-1.0.1/lib/mongrel.rb:560:in `new'
	from /Applications/Locomotive2/Bundles/standardRailsMar2007.locobundle/i386/lib/ruby/gems/1.8/gems/mongrel-1.0.1/lib/mongrel.rb:560:in `initialize'
	from /Applications/Locomotive2/Bundles/standardRailsMar2007.locobundle/i386/lib/ruby/gems/1.8/gems/mongrel-1.0.1/lib/mongrel/configurator.rb:128:in `new'
	from /Applications/Locomotive2/Bundles/standardRailsMar2007.locobundle/i386/lib/ruby/gems/1.8/gems/mongrel-1.0.1/lib/mongrel/configurator.rb:128:in `listener'
	from /Applications/Locomotive2/Bundles/standardRailsMar2007.locobundle/i386/lib/ruby/gems/1.8/gems/mongrel-1.0.1/bin/mongrel_rails:98:in `cloaker_'
	from /Applications/Locomotive2/Bundles/standardRailsMar2007.locobundle/i386/lib/ruby/gems/1.8/gems/mongrel-1.0.1/lib/mongrel/configurator.rb:51:in `call'
	from /Applications/Locomotive2/Bundles/standardRailsMar2007.locobundle/i386/lib/ruby/gems/1.8/gems/mongrel-1.0.1/lib/mongrel/configurator.rb:51:in `initialize'
	from /Applications/Locomotive2/Bundles/standardRailsMar2007.locobundle/i386/lib/ruby/gems/1.8/gems/mongrel-1.0.1/bin/mongrel_rails:83:in `new'
	from /Applications/Locomotive2/Bundles/standardRailsMar2007.locobundle/i386/lib/ruby/gems/1.8/gems/mongrel-1.0.1/bin/mongrel_rails:83:in `run'
	from /Applications/Locomotive2/Bundles/standardRailsMar2007.locobundle/i386/lib/ruby/gems/1.8/gems/mongrel-1.0.1/lib/mongrel/command.rb:211:in `run'
	from /Applications/Locomotive2/Bundles/standardRailsMar2007.locobundle/i386/lib/ruby/gems/1.8/gems/mongrel-1.0.1/bin/mongrel_rails:243
	from /Applications/Locomotive2/Bundles/standardRailsMar2007.locobundle/i386/bin/mongrel_rails:16:in `load'
	from /Applications/Locomotive2/Bundles/standardRailsMar2007.locobundle/i386/bin/mongrel_rails:16
** Rails loaded.
** Loading any Rails specific GemPlugins
** Signals ready.  TERM => stop.  USR2 => restart.  INT => stop (no restart).
** Rails signals registered.  HUP => reload (without restart).  It might not work well.
** Mongrel available at 0.0.0.0:3000
** Writing PID file to /Users/wilwalke/rubyOnRails/HelloWorld/log/locomotive.pid
** TERM signal received.
** Daemonized, any open files are closed.  Look at /Users/wilwalke/rubyOnRails/HelloWorld/log/locomotive.pid and log/mongrel.log for info.
** Starting Mongrel listening at 0.0.0.0:3000
** Starting Rails with development environment...
** Rails loaded.
** Loading any Rails specific GemPlugins
** Signals ready.  TERM => stop.  USR2 => restart.  INT => stop (no restart).
** Rails signals registered.  HUP => reload (without restart).  It might not work well.
** Mongrel available at 0.0.0.0:3000
** Writing PID file to /Users/wilwalke/rubyOnRails/HelloWorld/log/locomotive.pid
** TERM signal received.
Fri Aug 24 15:02:42 -0700 2007: Reaping 3 threads for slow workers because of 'shutdown'
Thread #<Thread:0x428c52c run> is too old, killing.
Waiting for 3 requests to finish, could take 60 seconds.** Daemonized, any open files are closed.  Look at /Users/wilwalke/rubyOnRails/HelloWorld/log/locomotive.pid and log/mongrel.log for info.
** Starting Mongrel listening at 0.0.0.0:3000
** Starting Rails with development environment...
** Rails loaded.
** Loading any Rails specific GemPlugins
** Signals ready.  TERM => stop.  USR2 => restart.  INT => stop (no restart).
** Rails signals registered.  HUP => reload (without restart).  It might not work well.
** Mongrel available at 0.0.0.0:3000
** Writing PID file to /Users/wilwalke/rubyOnRails/HelloWorld/log/locomotive.pid
** Daemonized, any open files are closed.  Look at /Users/wilwalke/rubyOnRails/HelloWorld/log/locomotive.pid and log/mongrel.log for info.
** Starting Mongrel listening at 0.0.0.0:3000
/Applications/Locomotive2/Bundles/standardRailsMar2007.locobundle/i386/lib/ruby/gems/1.8/gems/mongrel-1.0.1/lib/mongrel/tcphack.rb:12:in `initialize_without_backlog': Address already in use - bind(2) (Errno::EADDRINUSE)
	from /Applications/Locomotive2/Bundles/standardRailsMar2007.locobundle/i386/lib/ruby/gems/1.8/gems/mongrel-1.0.1/lib/mongrel/tcphack.rb:12:in `initialize'
	from /Applications/Locomotive2/Bundles/standardRailsMar2007.locobundle/i386/lib/ruby/gems/1.8/gems/mongrel-1.0.1/lib/mongrel.rb:560:in `new'
	from /Applications/Locomotive2/Bundles/standardRailsMar2007.locobundle/i386/lib/ruby/gems/1.8/gems/mongrel-1.0.1/lib/mongrel.rb:560:in `initialize'
	from /Applications/Locomotive2/Bundles/standardRailsMar2007.locobundle/i386/lib/ruby/gems/1.8/gems/mongrel-1.0.1/lib/mongrel/configurator.rb:128:in `new'
	from /Applications/Locomotive2/Bundles/standardRailsMar2007.locobundle/i386/lib/ruby/gems/1.8/gems/mongrel-1.0.1/lib/mongrel/configurator.rb:128:in `listener'
	from /Applications/Locomotive2/Bundles/standardRailsMar2007.locobundle/i386/lib/ruby/gems/1.8/gems/mongrel-1.0.1/bin/mongrel_rails:98:in `cloaker_'
	from /Applications/Locomotive2/Bundles/standardRailsMar2007.locobundle/i386/lib/ruby/gems/1.8/gems/mongrel-1.0.1/lib/mongrel/configurator.rb:51:in `call'
	from /Applications/Locomotive2/Bundles/standardRailsMar2007.locobundle/i386/lib/ruby/gems/1.8/gems/mongrel-1.0.1/lib/mongrel/configurator.rb:51:in `initialize'
	from /Applications/Locomotive2/Bundles/standardRailsMar2007.locobundle/i386/lib/ruby/gems/1.8/gems/mongrel-1.0.1/bin/mongrel_rails:83:in `new'
	from /Applications/Locomotive2/Bundles/standardRailsMar2007.locobundle/i386/lib/ruby/gems/1.8/gems/mongrel-1.0.1/bin/mongrel_rails:83:in `run'
	from /Applications/Locomotive2/Bundles/standardRailsMar2007.locobundle/i386/lib/ruby/gems/1.8/gems/mongrel-1.0.1/lib/mongrel/command.rb:211:in `run'
	from /Applications/Locomotive2/Bundles/standardRailsMar2007.locobundle/i386/lib/ruby/gems/1.8/gems/mongrel-1.0.1/bin/mongrel_rails:243
	from /Applications/Locomotive2/Bundles/standardRailsMar2007.locobundle/i386/bin/mongrel_rails:16:in `load'
	from /Applications/Locomotive2/Bundles/standardRailsMar2007.locobundle/i386/bin/mongrel_rails:16
** Daemonized, any open files are closed.  Look at /Users/wilwalke/rubyOnRails/HelloWorld/log/locomotive.pid and log/mongrel.log for info.
** Starting Mongrel listening at 0.0.0.0:3000
** Starting Rails with development environment...
** Rails loaded.
** Loading any Rails specific GemPlugins
** Signals ready.  TERM => stop.  USR2 => restart.  INT => stop (no restart).
** Rails signals registered.  HUP => reload (without restart).  It might not work well.
** Mongrel available at 0.0.0.0:3000
** Writing PID file to /Users/wilwalke/rubyOnRails/HelloWorld/log/locomotive.pid
** TERM signal received.
** Daemonized, any open files are closed.  Look at /Users/wilwalke/rubyOnRails/HelloWorld/log/locomotive.pid and log/mongrel.log for info.
** Starting Mongrel listening at 0.0.0.0:3000
** Starting Rails with development environment...
** Rails loaded.
** Loading any Rails specific GemPlugins
** Signals ready.  TERM => stop.  USR2 => restart.  INT => stop (no restart).
** Rails signals registered.  HUP => reload (without restart).  It might not work well.
** Mongrel available at 0.0.0.0:3000
** Writing PID file to /Users/wilwalke/rubyOnRails/HelloWorld/log/locomotive.pid
** TERM signal received.
** Daemonized, any open files are closed.  Look at /Users/wilwalke/rubyOnRails/HelloWorld/log/locomotive.pid and log/mongrel.log for info.
** Starting Mongrel listening at 0.0.0.0:3000
** Starting Rails with development environment...
** Rails loaded.
** Loading any Rails specific GemPlugins
** Signals ready.  TERM => stop.  USR2 => restart.  INT => stop (no restart).
** Rails signals registered.  HUP => reload (without restart).  It might not work well.
** Mongrel available at 0.0.0.0:3000
** Writing PID file to /Users/wilwalke/rubyOnRails/HelloWorld/log/locomotive.pid
** Daemonized, any open files are closed.  Look at /Users/wilwalke/rubyOnRails/HelloWorld/log/locomotive.pid and log/mongrel.log for info.
** Starting Mongrel listening at 0.0.0.0:3000
** Starting Rails with development environment...
** Rails loaded.
** Loading any Rails specific GemPlugins
** Signals ready.  TERM => stop.  USR2 => restart.  INT => stop (no restart).
** Rails signals registered.  HUP => reload (without restart).  It might not work well.
** Mongrel available at 0.0.0.0:3000
** Writing PID file to /Users/wilwalke/rubyOnRails/HelloWorld/log/locomotive.pid
** TERM signal received.
